Build started 17-Dec-18 1:18:34 PM.
     1>Project "C:\Users\Ashar Sarwar\Desktop\c++\Data_structures\MF project\MF project\MF project.vcxproj" on node 2 (build target(s)).
     1>InitializeBuildStatus:
         Creating "Debug\MF project.unsuccessfulbuild" because "AlwaysCreate" was specified.
       ClCompile:
         All outputs are up-to-date.
         C:\Program Files (x86)\Microsoft Visual Studio 10.0\VC\bin\CL.exe /c /ZI /nologo /W3 /WX- /Od /Oy- /D WIN32 /D _DEBUG /D _CONSOLE /D _UNICODE /D UNICODE /Gm /EHsc /RTC1 /MDd /GS /fp:precise /Zc:wchar_t /Zc:forScope /Yu"StdAfx.h" /Fp"Debug\MF project.pch" /Fo"Debug\\" /Fd"Debug\vc100.pdb" /Gd /TP /analyze- /errorReport:prompt "MF project.cpp"
         MF project.cpp
     1>c:\users\ashar sarwar\desktop\c++\data_structures\mf project\mf project\consultant.h(292): warning C4244: 'argument' : conversion from 'time_t' to 'unsigned int', possible loss of data
     1>c:\users\ashar sarwar\desktop\c++\data_structures\mf project\mf project\consultant.h(299): warning C4258: 'i' : definition from the for loop is ignored; the definition from the enclosing scope is used
                 c:\users\ashar sarwar\desktop\c++\data_structures\mf project\mf project\consultant.h(295) : definition of 'i' ignored
                 c:\users\ashar sarwar\desktop\c++\data_structures\mf project\mf project\doctor.h(18) : definition of 'Player::i' used
     1>c:\users\ashar sarwar\desktop\c++\data_structures\mf project\mf project\consultant.h(310): warning C4258: 'i' : definition from the for loop is ignored; the definition from the enclosing scope is used
                 c:\users\ashar sarwar\desktop\c++\data_structures\mf project\mf project\consultant.h(295) : definition of 'i' ignored
                 c:\users\ashar sarwar\desktop\c++\data_structures\mf project\mf project\doctor.h(18) : definition of 'Player::i' used
     1>c:\users\ashar sarwar\desktop\c++\data_structures\mf project\mf project\consultant.h(311): warning C4258: 'i' : definition from the for loop is ignored; the definition from the enclosing scope is used
                 c:\users\ashar sarwar\desktop\c++\data_structures\mf project\mf project\consultant.h(295) : definition of 'i' ignored
                 c:\users\ashar sarwar\desktop\c++\data_structures\mf project\mf project\doctor.h(18) : definition of 'Player::i' used
     1>c:\users\ashar sarwar\desktop\c++\data_structures\mf project\mf project\consultant.h(293): warning C4101: 'num' : unreferenced local variable
     1>c:\users\ashar sarwar\desktop\c++\data_structures\mf project\mf project\consultant.h(259): warning C4715: 'Consultant::dequeue' : not all control paths return a value
       ManifestResourceCompile:
         All outputs are up-to-date.
       Link:
         C:\Program Files (x86)\Microsoft Visual Studio 10.0\VC\bin\link.exe /ERRORREPORT:PROMPT /OUT:"C:\Users\Ashar Sarwar\Desktop\c++\Data_structures\MF project\Debug\MF project.exe" /INCREMENTAL /NOLOGO kernel32.lib user32.lib gdi32.lib winspool.lib comdlg32.lib advapi32.lib shell32.lib ole32.lib oleaut32.lib uuid.lib odbc32.lib odbccp32.lib /MANIFEST /ManifestFile:"Debug\MF project.exe.intermediate.manifest" /MANIFESTUAC:"level='asInvoker' uiAccess='false'" /DEBUG /PDB:"C:\Users\Ashar Sarwar\Desktop\c++\Data_structures\MF project\Debug\MF project.pdb" /SUBSYSTEM:CONSOLE /TLBID:1 /DYNAMICBASE /NXCOMPAT /IMPLIB:"C:\Users\Ashar Sarwar\Desktop\c++\Data_structures\MF project\Debug\MF project.lib" /MACHINE:X86 "Debug\MF project.exe.embed.manifest.res"
         "Debug\MF project.obj"
         Debug\stdafx.obj
       Manifest:
         C:\Program Files (x86)\Microsoft SDKs\Windows\v7.0A\bin\mt.exe /nologo /verbose /out:"Debug\MF project.exe.embed.manifest" /manifest "Debug\MF project.exe.intermediate.manifest"
         All outputs are up-to-date.
       LinkEmbedManifest:
         All outputs are up-to-date.
         MF project.vcxproj -> C:\Users\Ashar Sarwar\Desktop\c++\Data_structures\MF project\Debug\MF project.exe
       FinalizeBuildStatus:
         Deleting file "Debug\MF project.unsuccessfulbuild".
         Touching "Debug\MF project.lastbuildstate".
     1>Done Building Project "C:\Users\Ashar Sarwar\Desktop\c++\Data_structures\MF project\MF project\MF project.vcxproj" (build target(s)).

Build succeeded.

Time Elapsed 00:00:01.79
